2023-12-01T00:08:37+00:00 CRITICAL Uncaught Error: Call to undefined function plugins_() in /var/www/html/wp-content/plugins/test-task-helper/includes/load-projects-templates.php:11
Stack trace:
#0 /var/www/html/wp-includes/class-wp-hook.php(326): tth_load_projects_template('/var/www/html/w...')
#1 /var/www/html/wp-includes/plugin.php(205): WP_Hook->apply_filters('/var/www/html/w...', Array)
#2 /var/www/html/wp-includes/template.php(103): apply_filters('single_template', '/var/www/html/w...', 'single', Array)
#3 /var/www/html/wp-includes/template.php(571): get_query_template('single', Array)
#4 /var/www/html/wp-includes/template-loader.php(81): get_single_template()
#5 /var/www/html/wp-blog-header.php(19): require_once('/var/www/html/w...')
#6 /var/www/html/index.php(17): require('/var/www/html/w...')
#7 {main}
  thrown in /var/www/html/wp-content/plugins/test-task-helper/includes/load-projects-templates.php on line 11

2023-12-01T00:08:49+00:00 CRITICAL Uncaught Error: Call to undefined function plugins_() in /var/www/html/wp-content/plugins/test-task-helper/includes/load-projects-templates.php:11
Stack trace:
#0 /var/www/html/wp-includes/class-wp-hook.php(326): tth_load_projects_template('/var/www/html/w...')
#1 /var/www/html/wp-includes/plugin.php(205): WP_Hook->apply_filters('/var/www/html/w...', Array)
#2 /var/www/html/wp-includes/template.php(103): apply_filters('single_template', '/var/www/html/w...', 'single', Array)
#3 /var/www/html/wp-includes/template.php(571): get_query_template('single', Array)
#4 /var/www/html/wp-includes/template-loader.php(81): get_single_template()
#5 /var/www/html/wp-blog-header.php(19): require_once('/var/www/html/w...')
#6 /var/www/html/index.php(17): require('/var/www/html/w...')
#7 {main}
  thrown in /var/www/html/wp-content/plugins/test-task-helper/includes/load-projects-templates.php on line 11

2023-12-01T11:01:02+00:00 CRITICAL Uncaught Error: Call to undefined function tth_theme_header() in /var/www/html/wp-content/plugins/test-task-helper/single-projects.php:6
Stack trace:
#0 /var/www/html/wp-includes/template-loader.php(106): include()
#1 /var/www/html/wp-blog-header.php(19): require_once('/var/www/html/w...')
#2 /var/www/html/index.php(17): require('/var/www/html/w...')
#3 {main}
  thrown in /var/www/html/wp-content/plugins/test-task-helper/single-projects.php on line 6

